[2026-04-04T08:08:12Z] Run 5/50 started
[2026-04-04T08:09:12Z] heartbeat: run 5 still running (60s elapsed)
[2026-04-04T08:10:12Z] heartbeat: run 5 still running (120s elapsed)
[2026-04-04T08:11:12Z] heartbeat: run 5 still running (180s elapsed)
[2026-04-04T08:12:12Z] Run:(5) is completed in 240s
[2026-04-04T08:12:12Z] Run 6/50 started
[2026-04-04T08:13:12Z] heartbeat: run 6 still running (60s elapsed)
[2026-04-04T08:14:12Z] heartbeat: run 6 still running (120s elapsed)
[2026-04-04T08:15:12Z] heartbeat: run 6 still running (180s elapsed)
[2026-04-04T08:16:12Z] Run:(6) is completed in 240s
[2026-04-04T08:16:12Z] Run 7/50 started
[2026-04-04T08:17:12Z] heartbeat: run 7 still running (60s elapsed)
[2026-04-04T08:18:12Z] heartbeat: run 7 still running (120s elapsed)
[2026-04-04T08:19:12Z] heartbeat: run 7 still running (180s elapsed)
[2026-04-04T08:20:12Z] Run:(7) is completed in 240s
[2026-04-04T08:20:12Z] Run 8/50 started
[2026-04-04T08:21:12Z] heartbeat: run 8 still running (60s elapsed)
[2026-04-04T08:22:12Z] heartbeat: run 8 still running (120s elapsed)
[2026-04-04T08:23:12Z] heartbeat: run 8 still running (180s elapsed)
[2026-04-04T08:24:12Z] Run:(8) is completed in 240s
[2026-04-04T08:24:12Z] Run 9/50 started
[2026-04-04T08:25:12Z] heartbeat: run 9 still running (60s elapsed)
[2026-04-04T08:26:12Z] heartbeat: run 9 still running (120s elapsed)
[2026-04-04T08:27:12Z] heartbeat: run 9 still running (180s elapsed)
[2026-04-04T08:28:12Z] Run:(9) is completed in 240s
[2026-04-04T08:28:12Z] Run 10/50 started
[2026-04-04T08:29:12Z] heartbeat: run 10 still running (60s elapsed)
[2026-04-04T08:30:12Z] heartbeat: run 10 still running (120s elapsed)
[2026-04-04T08:31:12Z] heartbeat: run 10 still running (180s elapsed)
[2026-04-04T08:32:12Z] Run:(10) is completed in 240s
[2026-04-04T08:32:12Z] Run 11/50 started
[2026-04-04T08:33:12Z] heartbeat: run 11 still running (60s elapsed)
[2026-04-04T08:34:12Z] heartbeat: run 11 still running (120s elapsed)
[2026-04-04T08:35:12Z] heartbeat: run 11 still running (180s elapsed)
[2026-04-04T08:36:12Z] Run:(11) is completed in 240s
[2026-04-04T08:36:12Z] Run 12/50 started
[2026-04-04T08:37:12Z] heartbeat: run 12 still running (60s elapsed)
[2026-04-04T08:38:12Z] heartbeat: run 12 still running (120s elapsed)
[2026-04-04T08:39:12Z] heartbeat: run 12 still running (180s elapsed)
[2026-04-04T08:40:12Z] Run:(12) is completed in 240s
[2026-04-04T08:40:12Z] Run 13/50 started
[2026-04-04T08:41:12Z] heartbeat: run 13 still running (60s elapsed)
[2026-04-04T08:42:12Z] heartbeat: run 13 still running (120s elapsed)
[2026-04-04T08:43:12Z] heartbeat: run 13 still running (180s elapsed)
[2026-04-04T08:44:12Z] Run:(13) is completed in 240s
[2026-04-04T08:44:12Z] Run 14/50 started
[2026-04-04T08:45:12Z] heartbeat: run 14 still running (60s elapsed)
[2026-04-04T08:46:12Z] heartbeat: run 14 still running (120s elapsed)
[2026-04-04T08:46:38Z] Run 14/50 started
[2026-04-04T08:47:10Z] Commit state initialized at run 9
[2026-04-04T08:47:10Z] Run 14/50 started
[2026-04-04T08:48:10Z] heartbeat: run 14 still running (60s elapsed)
[2026-04-04T08:49:10Z] heartbeat: run 14 still running (120s elapsed)
[2026-04-04T08:50:10Z] heartbeat: run 14 still running (180s elapsed)
[2026-04-04T08:51:10Z] Run:(14) is completed in 240s
[2026-04-04T08:51:10Z] Commit created: Automated run 10-14
[2026-04-04T08:51:10Z] Run 15/50 started
[2026-04-04T08:52:10Z] heartbeat: run 15 still running (60s elapsed)
[2026-04-04T08:53:10Z] heartbeat: run 15 still running (120s elapsed)
[2026-04-04T08:54:10Z] heartbeat: run 15 still running (180s elapsed)
[2026-04-04T08:55:11Z] Run:(15) is completed in 240s
[2026-04-04T08:55:11Z] Run 16/50 started
[2026-04-04T08:56:11Z] heartbeat: run 16 still running (60s elapsed)
[2026-04-04T08:57:11Z] heartbeat: run 16 still running (120s elapsed)
[2026-04-04T08:58:11Z] heartbeat: run 16 still running (180s elapsed)
[2026-04-04T08:59:11Z] Run:(16) is completed in 240s
[2026-04-04T08:59:11Z] Run 17/50 started
[2026-04-04T09:00:11Z] heartbeat: run 17 still running (60s elapsed)
[2026-04-04T09:01:11Z] heartbeat: run 17 still running (120s elapsed)
[2026-04-04T09:02:11Z] heartbeat: run 17 still running (180s elapsed)
[2026-04-04T09:03:11Z] Run:(17) is completed in 240s
[2026-04-04T09:03:11Z] Run 18/50 started
[2026-04-04T09:04:11Z] heartbeat: run 18 still running (60s elapsed)
[2026-04-04T09:05:11Z] heartbeat: run 18 still running (120s elapsed)
[2026-04-04T09:06:11Z] heartbeat: run 18 still running (180s elapsed)
[2026-04-04T09:07:11Z] Run:(18) is completed in 240s
[2026-04-04T09:07:11Z] Run 19/50 started
[2026-04-04T09:08:11Z] heartbeat: run 19 still running (60s elapsed)
[2026-04-04T09:09:11Z] heartbeat: run 19 still running (120s elapsed)
[2026-04-04T09:10:11Z] heartbeat: run 19 still running (180s elapsed)
[2026-04-04T09:11:11Z] Run:(19) is completed in 240s
[2026-04-04T09:11:11Z] Commit created: Automated run 15-19
[2026-04-04T09:11:11Z] Run 20/50 started
[2026-04-04T09:12:11Z] heartbeat: run 20 still running (60s elapsed)
[2026-04-04T09:13:11Z] heartbeat: run 20 still running (120s elapsed)
[2026-04-04T09:14:11Z] heartbeat: run 20 still running (180s elapsed)
[2026-04-04T09:15:11Z] Run:(20) is completed in 240s
[2026-04-04T09:15:11Z] Run 21/50 started
[2026-04-04T09:16:11Z] heartbeat: run 21 still running (60s elapsed)
[2026-04-04T09:17:11Z] heartbeat: run 21 still running (120s elapsed)
[2026-04-04T09:18:11Z] heartbeat: run 21 still running (180s elapsed)
[2026-04-04T09:19:11Z] Run:(21) is completed in 240s
[2026-04-04T09:19:11Z] Run 22/50 started
[2026-04-04T09:20:11Z] heartbeat: run 22 still running (60s elapsed)
[2026-04-04T09:21:11Z] heartbeat: run 22 still running (120s elapsed)
[2026-04-04T09:22:11Z] heartbeat: run 22 still running (180s elapsed)
[2026-04-04T09:23:04Z] Commit state initialized at run 19
[2026-04-04T09:23:04Z] Run 22/50 started
[2026-04-04T09:24:04Z] heartbeat: run 22 still running (60s elapsed)
[2026-04-04T09:25:04Z] heartbeat: run 22 still running (120s elapsed)
[2026-04-04T09:26:04Z] heartbeat: run 22 still running (180s elapsed)
[2026-04-04T09:27:04Z] Run:(22) is completed in 240s
[2026-04-04T09:27:04Z] Run 23/50 started
[2026-04-04T09:28:04Z] heartbeat: run 23 still running (60s elapsed)
[2026-04-04T09:29:04Z] heartbeat: run 23 still running (120s elapsed)
[2026-04-04T09:30:04Z] heartbeat: run 23 still running (180s elapsed)
[2026-04-04T09:31:04Z] Run:(23) is completed in 240s
[2026-04-04T09:31:04Z] Run 24/50 started
[2026-04-04T09:32:04Z] heartbeat: run 24 still running (60s elapsed)
[2026-04-04T09:32:58Z] Commit state initialized at run 19
[2026-04-04T09:32:58Z] Run 24/50 started
[2026-04-04T09:33:58Z] heartbeat: run 24 still running (60s elapsed)
[2026-04-04T09:34:58Z] heartbeat: run 24 still running (120s elapsed)
[2026-04-04T09:35:58Z] heartbeat: run 24 still running (180s elapsed)
[2026-04-04T09:36:58Z] Run:(24) is completed in 240s
